<?xml version="1.0" encoding="UTF-8"?>
<!-- Generated by org.testng.reporters.JUnitReportReporter -->
<testsuite hostname="FVFGR3S6Q05P" failures="0" tests="2" name="Runners.MyRunner" time="31.602" errors="0" timestamp="2024-12-17T15:06:09 IST" skipped="0">
  <testcase classname="Runners.MyRunner" name="runScenario" time="20.254"/>
  <testcase classname="Runners.MyRunner" name="runScenario" time="11.348"/>
</testsuite> <!-- Runners.MyRunner -->
